============================= test session starts =============================
platform win32 -- Python 3.12.11, pytest-8.4.2, pluggy-1.6.0 -- C:\Users\expert\Documents\PKA\Pikar-Ai\.venv\Scripts\python.exe
cachedir: .pytest_cache
rootdir: C:\Users\expert\Documents\PKA\Pikar-Ai
configfile: pyproject.toml
plugins: anyio-4.12.0, asyncio-0.26.0, cov-5.0.0
asyncio: mode=Mode.STRICT, asyncio_default_fixture_loop_scope=None, asyncio_default_test_loop_scope=function
collecting ... collected 239 items / 2 errors

=================================== ERRORS ====================================
_____________ ERROR collecting tests/unit/test_error_handling.py ______________
ImportError while importing test module 'C:\Users\expert\Documents\PKA\Pikar-Ai\tests\unit\test_error_handling.py'.
Hint: make sure your test modules/packages have valid Python names.
Traceback:
..\..\..\AppData\Roaming\uv\python\cpython-3.12.11-windows-x86_64-none\Lib\importlib\__init__.py:90: in import_module
    return _bootstrap._gcd_import(name[level:], package, level)
           ^^^^^^^^^^^^^^^^^^^^^^^^^^^^^^^^^^^^^^^^^^^^^^^^^^^^
tests\unit\test_error_handling.py:20: in <module>
    from app.services.crud_base import CRUDService
E   ImportError: cannot import name 'CRUDService' from 'app.services.crud_base' (C:\Users\expert\Documents\PKA\Pikar-Ai\app\services\crud_base.py)
__________________ ERROR collecting tests/unit/test_tools.py __________________
ImportError while importing test module 'C:\Users\expert\Documents\PKA\Pikar-Ai\tests\unit\test_tools.py'.
Hint: make sure your test modules/packages have valid Python names.
Traceback:
..\..\..\AppData\Roaming\uv\python\cpython-3.12.11-windows-x86_64-none\Lib\importlib\__init__.py:90: in import_module
    return _bootstrap._gcd_import(name[level:], package, level)
           ^^^^^^^^^^^^^^^^^^^^^^^^^^^^^^^^^^^^^^^^^^^^^^^^^^^^
tests\unit\test_tools.py:1: in <module>
    from app.agent import get_revenue_stats, search_business_knowledge, update_initiative_status, create_task
app\agent.py:27: in <module>
    from google.adk.apps.context_cache_config import ContextCacheConfig
E   ModuleNotFoundError: No module named 'google.adk.apps.context_cache_config'; 'google.adk.apps' is not a package
============================== warnings summary ===============================
.venv\Lib\site-packages\pyiceberg\expressions\parser.py:72
  C:\Users\expert\Documents\PKA\Pikar-Ai\.venv\Lib\site-packages\pyiceberg\expressions\parser.py:72: DeprecationWarning: 'enablePackrat' deprecated - use 'enable_packrat'
    ParserElement.enablePackrat()

.venv\Lib\site-packages\pyiceberg\expressions\parser.py:85
  C:\Users\expert\Documents\PKA\Pikar-Ai\.venv\Lib\site-packages\pyiceberg\expressions\parser.py:85: DeprecationWarning: 'escChar' argument is deprecated, use 'esc_char'
    quoted_identifier = QuotedString('"', escChar="\\", unquoteResults=True)

.venv\Lib\site-packages\pyiceberg\expressions\parser.py:85
  C:\Users\expert\Documents\PKA\Pikar-Ai\.venv\Lib\site-packages\pyiceberg\expressions\parser.py:85: DeprecationWarning: 'unquoteResults' argument is deprecated, use 'unquote_results'
    quoted_identifier = QuotedString('"', escChar="\\", unquoteResults=True)

.venv\Lib\site-packages\pyiceberg\table\metadata.py:365
  C:\Users\expert\Documents\PKA\Pikar-Ai\.venv\Lib\site-packages\pyiceberg\table\metadata.py:365: PydanticDeprecatedSince212: Using `@model_validator` with mode='after' on a classmethod is deprecated. Instead, use an instance method. See the documentation at https://docs.pydantic.dev/2.12/concepts/validators/#model-after-validator. Deprecated in Pydantic V2.12 to be removed in V3.0.
    @model_validator(mode="after")

.venv\Lib\site-packages\pyiceberg\table\metadata.py:494
  C:\Users\expert\Documents\PKA\Pikar-Ai\.venv\Lib\site-packages\pyiceberg\table\metadata.py:494: PydanticDeprecatedSince212: Using `@model_validator` with mode='after' on a classmethod is deprecated. Instead, use an instance method. See the documentation at https://docs.pydantic.dev/2.12/concepts/validators/#model-after-validator. Deprecated in Pydantic V2.12 to be removed in V3.0.
    @model_validator(mode="after")

.venv\Lib\site-packages\pyiceberg\table\metadata.py:498
  C:\Users\expert\Documents\PKA\Pikar-Ai\.venv\Lib\site-packages\pyiceberg\table\metadata.py:498: PydanticDeprecatedSince212: Using `@model_validator` with mode='after' on a classmethod is deprecated. Instead, use an instance method. See the documentation at https://docs.pydantic.dev/2.12/concepts/validators/#model-after-validator. Deprecated in Pydantic V2.12 to be removed in V3.0.
    @model_validator(mode="after")

.venv\Lib\site-packages\pyiceberg\table\metadata.py:502
  C:\Users\expert\Documents\PKA\Pikar-Ai\.venv\Lib\site-packages\pyiceberg\table\metadata.py:502: PydanticDeprecatedSince212: Using `@model_validator` with mode='after' on a classmethod is deprecated. Instead, use an instance method. See the documentation at https://docs.pydantic.dev/2.12/concepts/validators/#model-after-validator. Deprecated in Pydantic V2.12 to be removed in V3.0.
    @model_validator(mode="after")

.venv\Lib\site-packages\pyiceberg\table\metadata.py:506
  C:\Users\expert\Documents\PKA\Pikar-Ai\.venv\Lib\site-packages\pyiceberg\table\metadata.py:506: PydanticDeprecatedSince212: Using `@model_validator` with mode='after' on a classmethod is deprecated. Instead, use an instance method. See the documentation at https://docs.pydantic.dev/2.12/concepts/validators/#model-after-validator. Deprecated in Pydantic V2.12 to be removed in V3.0.
    @model_validator(mode="after")

.venv\Lib\site-packages\pyiceberg\table\metadata.py:538
  C:\Users\expert\Documents\PKA\Pikar-Ai\.venv\Lib\site-packages\pyiceberg\table\metadata.py:538: PydanticDeprecatedSince212: Using `@model_validator` with mode='after' on a classmethod is deprecated. Instead, use an instance method. See the documentation at https://docs.pydantic.dev/2.12/concepts/validators/#model-after-validator. Deprecated in Pydantic V2.12 to be removed in V3.0.
    @model_validator(mode="after")

.venv\Lib\site-packages\pyiceberg\table\metadata.py:542
  C:\Users\expert\Documents\PKA\Pikar-Ai\.venv\Lib\site-packages\pyiceberg\table\metadata.py:542: PydanticDeprecatedSince212: Using `@model_validator` with mode='after' on a classmethod is deprecated. Instead, use an instance method. See the documentation at https://docs.pydantic.dev/2.12/concepts/validators/#model-after-validator. Deprecated in Pydantic V2.12 to be removed in V3.0.
    @model_validator(mode="after")

.venv\Lib\site-packages\pyiceberg\table\metadata.py:546
  C:\Users\expert\Documents\PKA\Pikar-Ai\.venv\Lib\site-packages\pyiceberg\table\metadata.py:546: PydanticDeprecatedSince212: Using `@model_validator` with mode='after' on a classmethod is deprecated. Instead, use an instance method. See the documentation at https://docs.pydantic.dev/2.12/concepts/validators/#model-after-validator. Deprecated in Pydantic V2.12 to be removed in V3.0.
    @model_validator(mode="after")

.venv\Lib\site-packages\pyiceberg\table\metadata.py:550
  C:\Users\expert\Documents\PKA\Pikar-Ai\.venv\Lib\site-packages\pyiceberg\table\metadata.py:550: PydanticDeprecatedSince212: Using `@model_validator` with mode='after' on a classmethod is deprecated. Instead, use an instance method. See the documentation at https://docs.pydantic.dev/2.12/concepts/validators/#model-after-validator. Deprecated in Pydantic V2.12 to be removed in V3.0.
    @model_validator(mode="after")

app\skills\registry.py:69
  C:\Users\expert\Documents\PKA\Pikar-Ai\app\skills\registry.py:69: PydanticDeprecatedSince20: Support for class-based `config` is deprecated, use ConfigDict instead. Deprecated in Pydantic V2.0 to be removed in V3.0. See Pydantic V2 Migration Guide at https://errors.pydantic.dev/2.12/migration/
    class Skill(BaseModel):

app\mcp\security\audit_logger.py:16
  C:\Users\expert\Documents\PKA\Pikar-Ai\app\mcp\security\audit_logger.py:16: DeprecationWarning: app.services.supabase is deprecated, use app.services.supabase_client instead
    from app.services.supabase import get_service_client

-- Docs: https://docs.pytest.org/en/stable/how-to/capture-warnings.html
=========================== short test summary info ===========================
ERROR tests/unit/test_error_handling.py
ERROR tests/unit/test_tools.py
!!!!!!!!!!!!!!!!!!! Interrupted: 2 errors during collection !!!!!!!!!!!!!!!!!!!
======================= 14 warnings, 2 errors in 11.19s =======================
