============================= test session starts =============================
platform win32 -- Python 3.13.3, pytest-9.0.2, pluggy-1.6.0
rootdir: C:\Users\expert\Documents\PKA\Pikar-Ai
configfile: pyproject.toml
plugins: anyio-4.12.1, asyncio-1.3.0
asyncio: mode=Mode.STRICT, debug=False, asyncio_default_fixture_loop_scope=None, asyncio_default_test_loop_scope=function
collected 9 items

tests\test_cache_service.py .EEEE.                                       [ 66%]
tests\test_cache_integration.py ...                                      [100%]

=================================== ERRORS ====================================
_________________ ERROR at setup of test_get_user_config_hit __________________

self = <Coroutine test_get_user_config_hit>

    def setup(self) -> None:
        runner_fixture_id = f"_{self._loop_scope}_scoped_runner"
        if runner_fixture_id not in self.fixturenames:
            self.fixturenames.append(runner_fixture_id)
>       return super().setup()
               ^^^^^^^^^^^^^^^

..\..\..\AppData\Roaming\Python\Python313\site-packages\pytest_asyncio\plugin.py:458: 
_ _ _ _ _ _ _ _ _ _ _ _ _ _ _ _ _ _ _ _ _ _ _ _ _ _ _ _ _ _ _ _ _ _ _ _ _ _ _ _

fixturedef = <FixtureDef argname='cache_service' scope='function' baseid='tests/test_cache_service.py'>
request = <SubRequest 'cache_service' for <Coroutine test_get_user_config_hit>>

    @pytest.hookimpl(wrapper=True)
    def pytest_fixture_setup(fixturedef: FixtureDef, request) -> object | None:
        asyncio_mode = _get_asyncio_mode(request.config)
        if not _is_asyncio_fixture_function(fixturedef.func):
            if asyncio_mode == Mode.STRICT:
                # Ignore async fixtures without explicit asyncio mark in strict mode
                # This applies to pytest_trio fixtures, for example
>               return (yield)
                        ^^^^^
E               pytest.PytestRemovedIn9Warning: 'test_get_user_config_hit' requested an async fixture 'cache_service', with no plugin or hook that handled it. This is usually an error, as pytest does not natively support it. This will turn into an error in pytest 9.
E               See: https://docs.pytest.org/en/stable/deprecations.html#sync-test-depending-on-async-fixture

..\..\..\AppData\Roaming\Python\Python313\site-packages\pytest_asyncio\plugin.py:728: PytestRemovedIn9Warning
_________________ ERROR at setup of test_get_user_config_miss _________________

self = <Coroutine test_get_user_config_miss>

    def setup(self) -> None:
        runner_fixture_id = f"_{self._loop_scope}_scoped_runner"
        if runner_fixture_id not in self.fixturenames:
            self.fixturenames.append(runner_fixture_id)
>       return super().setup()
               ^^^^^^^^^^^^^^^

..\..\..\AppData\Roaming\Python\Python313\site-packages\pytest_asyncio\plugin.py:458: 
_ _ _ _ _ _ _ _ _ _ _ _ _ _ _ _ _ _ _ _ _ _ _ _ _ _ _ _ _ _ _ _ _ _ _ _ _ _ _ _

fixturedef = <FixtureDef argname='cache_service' scope='function' baseid='tests/test_cache_service.py'>
request = <SubRequest 'cache_service' for <Coroutine test_get_user_config_miss>>

    @pytest.hookimpl(wrapper=True)
    def pytest_fixture_setup(fixturedef: FixtureDef, request) -> object | None:
        asyncio_mode = _get_asyncio_mode(request.config)
        if not _is_asyncio_fixture_function(fixturedef.func):
            if asyncio_mode == Mode.STRICT:
                # Ignore async fixtures without explicit asyncio mark in strict mode
                # This applies to pytest_trio fixtures, for example
>               return (yield)
                        ^^^^^
E               pytest.PytestRemovedIn9Warning: 'test_get_user_config_miss' requested an async fixture 'cache_service', with no plugin or hook that handled it. This is usually an error, as pytest does not natively support it. This will turn into an error in pytest 9.
E               See: https://docs.pytest.org/en/stable/deprecations.html#sync-test-depending-on-async-fixture

..\..\..\AppData\Roaming\Python\Python313\site-packages\pytest_asyncio\plugin.py:728: PytestRemovedIn9Warning
_______________ ERROR at setup of test_set_user_config_success ________________

self = <Coroutine test_set_user_config_success>

    def setup(self) -> None:
        runner_fixture_id = f"_{self._loop_scope}_scoped_runner"
        if runner_fixture_id not in self.fixturenames:
            self.fixturenames.append(runner_fixture_id)
>       return super().setup()
               ^^^^^^^^^^^^^^^

..\..\..\AppData\Roaming\Python\Python313\site-packages\pytest_asyncio\plugin.py:458: 
_ _ _ _ _ _ _ _ _ _ _ _ _ _ _ _ _ _ _ _ _ _ _ _ _ _ _ _ _ _ _ _ _ _ _ _ _ _ _ _

fixturedef = <FixtureDef argname='cache_service' scope='function' baseid='tests/test_cache_service.py'>
request = <SubRequest 'cache_service' for <Coroutine test_set_user_config_success>>

    @pytest.hookimpl(wrapper=True)
    def pytest_fixture_setup(fixturedef: FixtureDef, request) -> object | None:
        asyncio_mode = _get_asyncio_mode(request.config)
        if not _is_asyncio_fixture_function(fixturedef.func):
            if asyncio_mode == Mode.STRICT:
                # Ignore async fixtures without explicit asyncio mark in strict mode
                # This applies to pytest_trio fixtures, for example
>               return (yield)
                        ^^^^^
E               pytest.PytestRemovedIn9Warning: 'test_set_user_config_success' requested an async fixture 'cache_service', with no plugin or hook that handled it. This is usually an error, as pytest does not natively support it. This will turn into an error in pytest 9.
E               See: https://docs.pytest.org/en/stable/deprecations.html#sync-test-depending-on-async-fixture

..\..\..\AppData\Roaming\Python\Python313\site-packages\pytest_asyncio\plugin.py:728: PytestRemovedIn9Warning
__________________ ERROR at setup of test_delete_user_config __________________

self = <Coroutine test_delete_user_config>

    def setup(self) -> None:
        runner_fixture_id = f"_{self._loop_scope}_scoped_runner"
        if runner_fixture_id not in self.fixturenames:
            self.fixturenames.append(runner_fixture_id)
>       return super().setup()
               ^^^^^^^^^^^^^^^

..\..\..\AppData\Roaming\Python\Python313\site-packages\pytest_asyncio\plugin.py:458: 
_ _ _ _ _ _ _ _ _ _ _ _ _ _ _ _ _ _ _ _ _ _ _ _ _ _ _ _ _ _ _ _ _ _ _ _ _ _ _ _

fixturedef = <FixtureDef argname='cache_service' scope='function' baseid='tests/test_cache_service.py'>
request = <SubRequest 'cache_service' for <Coroutine test_delete_user_config>>

    @pytest.hookimpl(wrapper=True)
    def pytest_fixture_setup(fixturedef: FixtureDef, request) -> object | None:
        asyncio_mode = _get_asyncio_mode(request.config)
        if not _is_asyncio_fixture_function(fixturedef.func):
            if asyncio_mode == Mode.STRICT:
                # Ignore async fixtures without explicit asyncio mark in strict mode
                # This applies to pytest_trio fixtures, for example
>               return (yield)
                        ^^^^^
E               pytest.PytestRemovedIn9Warning: 'test_delete_user_config' requested an async fixture 'cache_service', with no plugin or hook that handled it. This is usually an error, as pytest does not natively support it. This will turn into an error in pytest 9.
E               See: https://docs.pytest.org/en/stable/deprecations.html#sync-test-depending-on-async-fixture

..\..\..\AppData\Roaming\Python\Python313\site-packages\pytest_asyncio\plugin.py:728: PytestRemovedIn9Warning
============================== warnings summary ===============================
..\..\..\AppData\Roaming\Python\Python313\site-packages\pyiceberg\expressions\parser.py:72
  C:\Users\expert\AppData\Roaming\Python\Python313\site-packages\pyiceberg\expressions\parser.py:72: PyparsingDeprecationWarning: 'enablePackrat' deprecated - use 'enable_packrat'
    ParserElement.enablePackrat()

..\..\..\AppData\Roaming\Python\Python313\site-packages\pyiceberg\expressions\parser.py:85
  C:\Users\expert\AppData\Roaming\Python\Python313\site-packages\pyiceberg\expressions\parser.py:85: PyparsingDeprecationWarning: 'escChar' argument is deprecated, use 'esc_char'
    quoted_identifier = QuotedString('"', escChar="\\", unquoteResults=True)

..\..\..\AppData\Roaming\Python\Python313\site-packages\pyiceberg\expressions\parser.py:85
  C:\Users\expert\AppData\Roaming\Python\Python313\site-packages\pyiceberg\expressions\parser.py:85: PyparsingDeprecationWarning: 'unquoteResults' argument is deprecated, use 'unquote_results'
    quoted_identifier = QuotedString('"', escChar="\\", unquoteResults=True)

..\..\..\AppData\Roaming\Python\Python313\site-packages\pyiceberg\table\metadata.py:365
  C:\Users\expert\AppData\Roaming\Python\Python313\site-packages\pyiceberg\table\metadata.py:365: PydanticDeprecatedSince212: Using `@model_validator` with mode='after' on a classmethod is deprecated. Instead, use an instance method. See the documentation at https://docs.pydantic.dev/2.12/concepts/validators/#model-after-validator. Deprecated in Pydantic V2.12 to be removed in V3.0.
    @model_validator(mode="after")

..\..\..\AppData\Roaming\Python\Python313\site-packages\pyiceberg\table\metadata.py:494
  C:\Users\expert\AppData\Roaming\Python\Python313\site-packages\pyiceberg\table\metadata.py:494: PydanticDeprecatedSince212: Using `@model_validator` with mode='after' on a classmethod is deprecated. Instead, use an instance method. See the documentation at https://docs.pydantic.dev/2.12/concepts/validators/#model-after-validator. Deprecated in Pydantic V2.12 to be removed in V3.0.
    @model_validator(mode="after")

..\..\..\AppData\Roaming\Python\Python313\site-packages\pyiceberg\table\metadata.py:498
  C:\Users\expert\AppData\Roaming\Python\Python313\site-packages\pyiceberg\table\metadata.py:498: PydanticDeprecatedSince212: Using `@model_validator` with mode='after' on a classmethod is deprecated. Instead, use an instance method. See the documentation at https://docs.pydantic.dev/2.12/concepts/validators/#model-after-validator. Deprecated in Pydantic V2.12 to be removed in V3.0.
    @model_validator(mode="after")

..\..\..\AppData\Roaming\Python\Python313\site-packages\pyiceberg\table\metadata.py:502
  C:\Users\expert\AppData\Roaming\Python\Python313\site-packages\pyiceberg\table\metadata.py:502: PydanticDeprecatedSince212: Using `@model_validator` with mode='after' on a classmethod is deprecated. Instead, use an instance method. See the documentation at https://docs.pydantic.dev/2.12/concepts/validators/#model-after-validator. Deprecated in Pydantic V2.12 to be removed in V3.0.
    @model_validator(mode="after")

..\..\..\AppData\Roaming\Python\Python313\site-packages\pyiceberg\table\metadata.py:506
  C:\Users\expert\AppData\Roaming\Python\Python313\site-packages\pyiceberg\table\metadata.py:506: PydanticDeprecatedSince212: Using `@model_validator` with mode='after' on a classmethod is deprecated. Instead, use an instance method. See the documentation at https://docs.pydantic.dev/2.12/concepts/validators/#model-after-validator. Deprecated in Pydantic V2.12 to be removed in V3.0.
    @model_validator(mode="after")

..\..\..\AppData\Roaming\Python\Python313\site-packages\pyiceberg\table\metadata.py:538
  C:\Users\expert\AppData\Roaming\Python\Python313\site-packages\pyiceberg\table\metadata.py:538: PydanticDeprecatedSince212: Using `@model_validator` with mode='after' on a classmethod is deprecated. Instead, use an instance method. See the documentation at https://docs.pydantic.dev/2.12/concepts/validators/#model-after-validator. Deprecated in Pydantic V2.12 to be removed in V3.0.
    @model_validator(mode="after")

..\..\..\AppData\Roaming\Python\Python313\site-packages\pyiceberg\table\metadata.py:542
  C:\Users\expert\AppData\Roaming\Python\Python313\site-packages\pyiceberg\table\metadata.py:542: PydanticDeprecatedSince212: Using `@model_validator` with mode='after' on a classmethod is deprecated. Instead, use an instance method. See the documentation at https://docs.pydantic.dev/2.12/concepts/validators/#model-after-validator. Deprecated in Pydantic V2.12 to be removed in V3.0.
    @model_validator(mode="after")

..\..\..\AppData\Roaming\Python\Python313\site-packages\pyiceberg\table\metadata.py:546
  C:\Users\expert\AppData\Roaming\Python\Python313\site-packages\pyiceberg\table\metadata.py:546: PydanticDeprecatedSince212: Using `@model_validator` with mode='after' on a classmethod is deprecated. Instead, use an instance method. See the documentation at https://docs.pydantic.dev/2.12/concepts/validators/#model-after-validator. Deprecated in Pydantic V2.12 to be removed in V3.0.
    @model_validator(mode="after")

..\..\..\AppData\Roaming\Python\Python313\site-packages\pyiceberg\table\metadata.py:550
  C:\Users\expert\AppData\Roaming\Python\Python313\site-packages\pyiceberg\table\metadata.py:550: PydanticDeprecatedSince212: Using `@model_validator` with mode='after' on a classmethod is deprecated. Instead, use an instance method. See the documentation at https://docs.pydantic.dev/2.12/concepts/validators/#model-after-validator. Deprecated in Pydantic V2.12 to be removed in V3.0.
    @model_validator(mode="after")

tests/test_cache_integration.py::test_onboarding_invalidates_cache_on_update
  C:\Users\expert\Documents\PKA\Pikar-Ai\app\services\user_onboarding_service.py:229: PydanticDeprecatedSince20: The `dict` method is deprecated; use `model_dump` instead. Deprecated in Pydantic V2.0 to be removed in V3.0. See Pydantic V2 Migration Guide at https://errors.pydantic.dev/2.12/migration/
    current["preferences"] = prefs.dict()

tests/test_cache_integration.py::test_onboarding_invalidates_cache_on_update
  C:\Users\expert\Documents\PKA\Pikar-Ai\app\services\user_onboarding_service.py:233: PydanticDeprecatedSince20: The `dict` method is deprecated; use `model_dump` instead. Deprecated in Pydantic V2.0 to be removed in V3.0. See Pydantic V2 Migration Guide at https://errors.pydantic.dev/2.12/migration/
    Configuration(preferences=UserPreferences(**prefs.dict()))

-- Docs: https://docs.pytest.org/en/stable/how-to/capture-warnings.html
=========================== short test summary info ===========================
ERROR tests/test_cache_service.py::test_get_user_config_hit - pytest.PytestRe...
ERROR tests/test_cache_service.py::test_get_user_config_miss - pytest.PytestR...
ERROR tests/test_cache_service.py::test_set_user_config_success - pytest.Pyte...
ERROR tests/test_cache_service.py::test_delete_user_config - pytest.PytestRem...
================== 5 passed, 14 warnings, 4 errors in 29.75s ==================
